#
# There is insufficient memory for the Java Runtime Environment to continue.
# Native memory allocation (mmap) failed to map 230686720 bytes. Error detail: G1 virtual space
# Possible reasons:
#   The system is out of physical RAM or swap space
#   This process is running with CompressedOops enabled, and the Java Heap may be blocking the growth of the native heap
# Possible solutions:
#   Reduce memory load on the system
#   Increase physical memory or swap space
#   Check if swap backing store is full
#   Decrease Java heap size (-Xmx/-Xms)
#   Decrease number of Java threads
#   Decrease Java thread stack sizes (-Xss)
#   Set larger code cache with -XX:ReservedCodeCacheSize=
#   JVM is running with Unscaled Compressed Oops mode in which the Java heap is
#     placed in the first 4GB address space. The Java Heap base address is the
#     maximum limit for the native heap growth. Please use -XX:HeapBaseMinAddress
#     to set the Java Heap base and to place the Java Heap above 4GB virtual address.
# This output file may be truncated or incomplete.
#
#  Out of Memory Error (os_windows.cpp:3830), pid=18216, tid=23116
#
# JRE version: OpenJDK Runtime Environment JBR-17.0.14+1-1367.22-nomod (17.0.14+1) (build 17.0.14+1-b1367.22)
# Java VM: OpenJDK 64-Bit Server VM JBR-17.0.14+1-1367.22-nomod (17.0.14+1-b1367.22, mixed mode, sharing, tiered, compressed oops, compressed class ptrs, g1 gc, windows-amd64)
# No core dump will be written. Minidumps are not enabled by default on client versions of Windows
#

---------------  S U M M A R Y ------------

Command Line: org.jetbrains.kotlin.cli.jvm.K2JVMCompiler @C:\Users\Samar\Downloads\UberBookingClone-develop\UberBookingClone-develop\app\build\20260609_17203902429828334357.compiler.options

Host: 11th Gen Intel(R) Core(TM) i5-1135G7 @ 2.40GHz, 8 cores, 7G,  Windows 11 , 64 bit Build 26100 (10.0.26100.8328)
Time: Tue Jun  9 19:40:04 2026 India Standard Time elapsed time: 18.804056 seconds (0d 0h 0m 18s)

---------------  T H R E A D  ---------------

Current thread (0x000001a558560e20):  VMThread "VM Thread" [stack: 0x0000005324b00000,0x0000005324c00000] [id=23116]

Stack: [0x0000005324b00000,0x0000005324c00000]
Native frames: (J=compiled Java code, j=interpreted, Vv=VM code, C=native code)
V  [jvm.dll+0x68b969]  os::platform_print_native_stack+0xd9  (os_windows_x86.cpp:235)
V  [jvm.dll+0x84572a]  VMError::report+0xc6a  (vmError.cpp:868)
V  [jvm.dll+0x8473ae]  VMError::report_and_die+0x78e  (vmError.cpp:1766)
V  [jvm.dll+0x847a13]  VMError::report_and_die+0x43  (vmError.cpp:1552)
V  [jvm.dll+0x24a83f]  report_vm_out_of_memory+0x8f  (debug.cpp:321)
V  [jvm.dll+0x688629]  os::pd_commit_memory_or_exit+0xc9  (os_windows.cpp:3838)
V  [jvm.dll+0x67cf3a]  os::commit_memory_or_exit+0x2a  (os.cpp:1768)
V  [jvm.dll+0x30b83b]  G1PageBasedVirtualSpace::commit+0x19b  (g1PageBasedVirtualSpace.cpp:204)
V  [jvm.dll+0x312d26]  G1RegionsLargerThanCommitSizeMapper::commit_regions+0x96  (g1RegionToSpaceMapper.cpp:100)
V  [jvm.dll+0x3630fe]  HeapRegionManager::expand_any+0xee  (heapRegionManager.cpp:363)
V  [jvm.dll+0x36333f]  HeapRegionManager::expand_by+0x7f  (heapRegionManager.cpp:380)
V  [jvm.dll+0x2e18cc]  G1CollectedHeap::expand+0xbc  (g1CollectedHeap.cpp:1292)
V  [jvm.dll+0x2dfc8f]  G1CollectedHeap::do_collection_pause_at_safepoint_helper+0x8bf  (g1CollectedHeap.cpp:3094)
V  [jvm.dll+0x2df3bc]  G1CollectedHeap::do_collection_pause_at_safepoint+0x5c  (g1CollectedHeap.cpp:2898)
V  [jvm.dll+0x323a7b]  VM_G1CollectForAllocation::doit+0x6b  (g1VMOperations.cpp:147)
V  [jvm.dll+0x84c11d]  VM_Operation::evaluate+0xfd  (vmOperations.cpp:73)
V  [jvm.dll+0x84ce62]  VMThread::evaluate_operation+0xd2  (vmThread.cpp:269)
V  [jvm.dll+0x84d38f]  VMThread::inner_execute+0x1af  (vmThread.cpp:417)
V  [jvm.dll+0x84d774]  VMThread::loop+0x254  (vmThread.cpp:481)
V  [jvm.dll+0x84d840]  VMThread::run+0x70  (vmThread.cpp:167)
V  [jvm.dll+0x7f3a1c]  Thread::call_run+0x8c  (thread.cpp:405)
V  [jvm.dll+0x68a7c7]  thread_native_entry+0x77  (os_windows.cpp:551)
C  [ucrtbase.dll+0x37b0]
C  [KERNEL32.DLL+0x2e957]
C  [ntdll.dll+0x427c]

VM_Operation (0x00000053245f2f20): G1CollectForAllocation, mode: safepoint, requested by thread 0x000001a53e6a91b0


---------------  P R O C E S S  ---------------

Threads class SMR info:
_java_thread_list=0x000001a5a08870e0, length=14, elements={
0x000001a53e6a91b0, 0x000001a558565a00, 0x000001a5585663c0, 0x000001a55857fb40,
0x000001a558580410, 0x000001a558580dd0, 0x000001a558583f40, 0x000001a55858b4e0,
0x000001a558591970, 0x000001a558593ea0, 0x000001a55890f9e0, 0x000001a558914980,
0x000001a59f3b5040, 0x000001a59fcffbf0
}

Java Threads: ( => current thread )
  0x000001a53e6a91b0 JavaThread "main" [_thread_blocked, id=14740, stack(0x0000005324500000,0x0000005324600000)]
  0x000001a558565a00 JavaThread "Reference Handler" daemon [_thread_blocked, id=18232, stack(0x0000005324c00000,0x0000005324d00000)]
  0x000001a5585663c0 JavaThread "Finalizer" daemon [_thread_blocked, id=22980, stack(0x0000005324d00000,0x0000005324e00000)]
  0x000001a55857fb40 JavaThread "Signal Dispatcher" daemon [_thread_blocked, id=19648, stack(0x0000005324e00000,0x0000005324f00000)]
  0x000001a558580410 JavaThread "Attach Listener" daemon [_thread_blocked, id=12524, stack(0x0000005324f00000,0x0000005325000000)]
  0x000001a558580dd0 JavaThread "Service Thread" daemon [_thread_blocked, id=15412, stack(0x0000005325000000,0x0000005325100000)]
  0x000001a558583f40 JavaThread "Monitor Deflation Thread" daemon [_thread_blocked, id=14412, stack(0x0000005325100000,0x0000005325200000)]
  0x000001a55858b4e0 JavaThread "C2 CompilerThread0" daemon [_thread_blocked, id=11824, stack(0x0000005325200000,0x0000005325300000)]
  0x000001a558591970 JavaThread "C1 CompilerThread0" daemon [_thread_blocked, id=10768, stack(0x0000005325300000,0x0000005325400000)]
  0x000001a558593ea0 JavaThread "Sweeper thread" daemon [_thread_blocked, id=3980, stack(0x0000005325400000,0x0000005325500000)]
  0x000001a55890f9e0 JavaThread "Notification Thread" daemon [_thread_blocked, id=10016, stack(0x0000005325500000,0x0000005325600000)]
  0x000001a558914980 JavaThread "Common-Cleaner" daemon [_thread_blocked, id=1552, stack(0x0000005325700000,0x0000005325800000)]
  0x000001a59f3b5040 JavaThread "C2 CompilerThread1" daemon [_thread_blocked, id=17924, stack(0x0000005325c00000,0x0000005325d00000)]
  0x000001a59fcffbf0 JavaThread "C2 CompilerThread2" daemon [_thread_blocked, id=12228, stack(0x0000005326100000,0x0000005326200000)]

Other Threads:
=>0x000001a558560e20 VMThread "VM Thread" [stack: 0x0000005324b00000,0x0000005324c00000] [id=23116]
  0x000001a55890fec0 WatcherThread [stack: 0x0000005325600000,0x0000005325700000] [id=15324]
  0x000001a53e7067b0 GCTaskThread "GC Thread#0" [stack: 0x0000005324600000,0x0000005324700000] [id=9852]
  0x000001a59e326cd0 GCTaskThread "GC Thread#1" [stack: 0x0000005325800000,0x0000005325900000] [id=10596]
  0x000001a59e1082a0 GCTaskThread "GC Thread#2" [stack: 0x0000005325900000,0x0000005325a00000] [id=11832]
  0x000001a59e3a2840 GCTaskThread "GC Thread#3" [stack: 0x0000005325a00000,0x0000005325b00000] [id=832]
  0x000001a59e3a2b00 GCTaskThread "GC Thread#4" [stack: 0x0000005325b00000,0x0000005325c00000] [id=3376]
  0x000001a59e928ff0 GCTaskThread "GC Thread#5" [stack: 0x0000005325d00000,0x0000005325e00000] [id=4020]
  0x000001a59e852ca0 GCTaskThread "GC Thread#6" [stack: 0x0000005325e00000,0x0000005325f00000] [id=13340]
  0x000001a59ea09c80 GCTaskThread "GC Thread#7" [stack: 0x0000005325f00000,0x0000005326000000] [id=14156]
  0x000001a53e717a50 ConcurrentGCThread "G1 Main Marker" [stack: 0x0000005324700000,0x0000005324800000] [id=3240]
  0x000001a53e719220 ConcurrentGCThread "G1 Conc#0" [stack: 0x0000005324800000,0x0000005324900000] [id=13140]
  0x000001a59ed83450 ConcurrentGCThread "G1 Conc#1" [stack: 0x0000005326000000,0x0000005326100000] [id=3900]
  0x000001a53e75eb90 ConcurrentGCThread "G1 Refine#0" [stack: 0x0000005324900000,0x0000005324a00000] [id=17912]
  0x000001a59e67fc90 ConcurrentGCThread "G1 Refine#1" [stack: 0x0000005326200000,0x0000005326300000] [id=12212]
  0x000001a59e680560 ConcurrentGCThread "G1 Refine#2" [stack: 0x0000005326300000,0x0000005326400000] [id=21168]
  0x000001a59e6825b0 ConcurrentGCThread "G1 Refine#3" [stack: 0x0000005326400000,0x0000005326500000] [id=22288]
  0x000001a59e67f9a0 ConcurrentGCThread "G1 Refine#4" [stack: 0x0000005326500000,0x0000005326600000] [id=7556]
  0x000001a5584064d0 ConcurrentGCThread "G1 Service" [stack: 0x0000005324a00000,0x0000005324b00000] [id=22828]

Threads with active compile tasks:
C2 CompilerThread0    18992 12980   !   4       org.jetbrains.kotlin.com.intellij.openapi.util.io.FileSystemUtil::getAttributes (123 bytes)
C2 CompilerThread1    18992 12970       4       sun.nio.fs.WindowsFileSystemProvider::readAttributes (63 bytes)
C2 CompilerThread2    18992 12981   !   4       org.jetbrains.kotlin.com.intellij.openapi.util.io.FileSystemUtil$Nio2MediatorImpl::getAttributes (263 bytes)

VM state: at safepoint (normal execution)

VM Mutex/Monitor currently owned by a thread:  ([mutex/lock_event])
[0x000001a53c5adf40] Threads_lock - owner thread: 0x000001a558560e20
[0x000001a53e6a5c50] Heap_lock - owner thread: 0x000001a53e6a91b0

Heap address: 0x0000000084400000, size: 1980 MB, Compressed Oops mode: 32-bit

CDS archive(s) mapped at: [0x000001a559000000-0x000001a559c00000-0x000001a559c00000), size 12582912, SharedBaseAddress: 0x000001a559000000, ArchiveRelocationMode: 1.
Compressed class space mapped at: 0x000001a55a000000-0x000001a59a000000, reserved size: 1073741824
Narrow klass base: 0x000001a559000000, Narrow klass shift: 0, Narrow klass range: 0x100000000

GC Precious Log:
 CPUs: 8 total, 8 available
 Memory: 7914M
 Large Page Support: Disabled
 NUMA Support: Disabled
 Compressed Oops: Enabled (32-bit)
 Heap Region Size: 1M
 Heap Min Capacity: 8M
 Heap Initial Capacity: 124M
 Heap Max Capacity: 1980M
 Pre-touch: Disabled
 Parallel Workers: 8
 Concurrent Workers: 2
 Concurrent Refinement Workers: 8
 Periodic GC: Disabled

Heap:
 garbage-first heap   total 176128K, used 101043K [0x0000000084400000, 0x0000000100000000)
  region size 1024K, 2 young (2048K), 2 survivors (2048K)
 Metaspace       used 55543K, committed 55808K, reserved 1114112K
  class space    used 6320K, committed 6464K, reserved 1048576K

Heap Regions: E=young(eden), S=young(survivor), O=old, HS=humongous(starts), HC=humongous(continues), CS=collection set, F=free, OA=open archive, CA=closed archive, TAMS=top-at-mark-start (previous, next)
|   0|0x0000000084400000, 0x0000000084500000, 0x0000000084500000|100%|HS|  |TAMS 0x0000000084500000, 0x0000000084500000| Complete 
|   1|0x0000000084500000, 0x0000000084600000, 0x0000000084600000|100%|HC|  |TAMS 0x0000000084600000, 0x0000000084600000| Complete 
|   2|0x0000000084600000, 0x0000000084700000, 0x0000000084700000|100%|HC|  |TAMS 0x0000000084700000, 0x0000000084700000| Complete 
|   3|0x0000000084700000, 0x0000000084800000, 0x0000000084800000|100%| O|  |TAMS 0x0000000084800000, 0x0000000084800000| Untracked 
|   4|0x0000000084800000, 0x0000000084900000, 0x0000000084900000|100%| O|  |TAMS 0x0000000084900000, 0x0000000084900000| Untracked 
|   5|0x0000000084900000, 0x0000000084a00000, 0x0000000084a00000|100%|HS|  |TAMS 0x0000000084a00000, 0x0000000084a00000| Complete 
|   6|0x0000000084a00000, 0x0000000084b00000, 0x0000000084b00000|100%|HC|  |TAMS 0x0000000084b00000, 0x0000000084b00000| Complete 
|   7|0x0000000084b00000, 0x0000000084c00000, 0x0000000084c00000|100%|HC|  |TAMS 0x0000000084c00000, 0x0000000084c00000| Complete 
|   8|0x0000000084c00000, 0x0000000084d00000, 0x0000000084d00000|100%| O|  |TAMS 0x0000000084d00000, 0x0000000084d00000| Untracked 
|   9|0x0000000084d00000, 0x0000000084e00000, 0x0000000084e00000|100%| O|  |TAMS 0x0000000084d00000, 0x0000000084e00000| Untracked 
|  10|0x0000000084e00000, 0x0000000084f00000, 0x0000000084f00000|100%|HS|  |TAMS 0x0000000084f00000, 0x0000000084f00000| Complete 
|  11|0x0000000084f00000, 0x0000000085000000, 0x0000000085000000|100%|HC|  |TAMS 0x0000000085000000, 0x0000000085000000| Complete 
|  12|0x0000000085000000, 0x0000000085100000, 0x0000000085100000|100%|HC|  |TAMS 0x0000000085100000, 0x0000000085100000| Complete 
|  13|0x0000000085100000, 0x0000000085200000, 0x0000000085200000|100%| O|  |TAMS 0x0000000085200000, 0x0000000085200000| Untracked 
|  14|0x0000000085200000, 0x0000000085300000, 0x0000000085300000|100%| O|  |TAMS 0x0000000085300000, 0x0000000085300000| Untracked 
|  15|0x0000000085300000, 0x0000000085400000, 0x0000000085400000|100%| O|  |TAMS 0x0000000085400000, 0x0000000085400000| Untracked 
|  16|0x0000000085400000, 0x0000000085500000, 0x0000000085500000|100%| O|  |TAMS 0x0000000085500000, 0x0000000085500000| Untracked 
|  17|0x0000000085500000, 0x0000000085600000, 0x0000000085600000|100%| O|  |TAMS 0x0000000085600000, 0x0000000085600000| Untracked 
|  18|0x0000000085600000, 0x0000000085700000, 0x0000000085700000|100%| O|  |TAMS 0x0000000085700000, 0x0000000085700000| Untracked 
|  19|0x0000000085700000, 0x0000000085800000, 0x0000000085800000|100%| O|  |TAMS 0x0000000085800000, 0x0000000085800000| Untracked 
|  20|0x0000000085800000, 0x0000000085900000, 0x0000000085900000|100%| O|  |TAMS 0x0000000085900000, 0x0000000085900000| Untracked 
|  21|0x0000000085900000, 0x0000000085a00000, 0x0000000085a00000|100%| O|  |TAMS 0x0000000085a00000, 0x0000000085a00000| Untracked 
|  22|0x0000000085a00000, 0x0000000085b00000, 0x0000000085b00000|100%| O|  |TAMS 0x0000000085b00000, 0x0000000085b00000| Untracked 
|  23|0x0000000085b00000, 0x0000000085c00000, 0x0000000085c00000|100%| O|  |TAMS 0x0000000085c00000, 0x0000000085c00000| Untracked 
|  24|0x0000000085c00000, 0x0000000085d00000, 0x0000000085d00000|100%|HS|  |TAMS 0x0000000085d00000, 0x0000000085d00000| Complete 
|  25|0x0000000085d00000, 0x0000000085e00000, 0x0000000085e00000|100%|HC|  |TAMS 0x0000000085e00000, 0x0000000085e00000| Complete 
|  26|0x0000000085e00000, 0x0000000085f00000, 0x0000000085f00000|100%| O|  |TAMS 0x0000000085f00000, 0x0000000085f00000| Untracked 
|  27|0x0000000085f00000, 0x0000000086000000, 0x0000000086000000|100%| O|  |TAMS 0x0000000086000000, 0x0000000086000000| Untracked 
|  28|0x0000000086000000, 0x0000000086100000, 0x0000000086100000|100%| O|  |TAMS 0x0000000086100000, 0x0000000086100000| Untracked 
|  29|0x0000000086100000, 0x0000000086200000, 0x0000000086200000|100%| O|  |TAMS 0x0000000086200000, 0x0000000086200000| Untracked 
|  30|0x0000000086200000, 0x0000000086300000, 0x0000000086300000|100%| O|  |TAMS 0x0000000086300000, 0x0000000086300000| Untracked 
|  31|0x0000000086300000, 0x0000000086400000, 0x0000000086400000|100%| O|  |TAMS 0x0000000086400000, 0x0000000086400000| Untracked 
|  32|0x0000000086400000, 0x0000000086500000, 0x0000000086500000|100%| O|  |TAMS 0x0000000086500000, 0x0000000086500000| Untracked 
|  33|0x0000000086500000, 0x0000000086600000, 0x0000000086600000|100%| O|  |TAMS 0x0000000086600000, 0x0000000086600000| Untracked 
|  34|0x0000000086600000, 0x0000000086700000, 0x0000000086700000|100%| O|  |TAMS 0x0000000086700000, 0x0000000086700000| Untracked 
|  35|0x0000000086700000, 0x0000000086800000, 0x0000000086800000|100%| O|  |TAMS 0x0000000086800000, 0x0000000086800000| Untracked 
|  36|0x0000000086800000, 0x0000000086900000, 0x0000000086900000|100%|HS|  |TAMS 0x0000000086900000, 0x0000000086900000| Complete 
|  37|0x0000000086900000, 0x0000000086a00000, 0x0000000086a00000|100%|HC|  |TAMS 0x0000000086a00000, 0x0000000086a00000| Complete 
|  38|0x0000000086a00000, 0x0000000086b00000, 0x0000000086b00000|100%| O|  |TAMS 0x0000000086b00000, 0x0000000086b00000| Untracked 
|  39|0x0000000086b00000, 0x0000000086c00000, 0x0000000086c00000|100%| O|  |TAMS 0x0000000086c00000, 0x0000000086c00000| Untracked 
|  40|0x0000000086c00000, 0x0000000086d00000, 0x0000000086d00000|100%| O|  |TAMS 0x0000000086d00000, 0x0000000086d00000| Untracked 
|  41|0x0000000086d00000, 0x0000000086e00000, 0x0000000086e00000|100%| O|  |TAMS 0x0000000086e00000, 0x0000000086e00000| Untracked 
|  42|0x0000000086e00000, 0x0000000086f00000, 0x0000000086f00000|100%| O|  |TAMS 0x0000000086f00000, 0x0000000086f00000| Untracked 
|  43|0x0000000086f00000, 0x0000000087000000, 0x0000000087000000|100%| O|  |TAMS 0x0000000087000000, 0x0000000087000000| Untracked 
|  44|0x0000000087000000, 0x0000000087100000, 0x0000000087100000|100%| O|  |TAMS 0x0000000087100000, 0x0000000087100000| Untracked 
|  45|0x0000000087100000, 0x0000000087200000, 0x0000000087200000|100%| O|  |TAMS 0x0000000087200000, 0x0000000087200000| Untracked 
|  46|0x0000000087200000, 0x0000000087300000, 0x0000000087300000|100%|HS|  |TAMS 0x0000000087300000, 0x0000000087300000| Complete 
|  47|0x0000000087300000, 0x0000000087400000, 0x0000000087400000|100%|HC|  |TAMS 0x0000000087400000, 0x0000000087400000| Complete 
|  48|0x0000000087400000, 0x0000000087500000, 0x0000000087500000|100%| O|  |TAMS 0x0000000087500000, 0x0000000087500000| Untracked 
|  49|0x0000000087500000, 0x0000000087600000, 0x0000000087600000|100%| O|  |TAMS 0x0000000087600000, 0x0000000087600000| Untracked 
|  50|0x0000000087600000, 0x0000000087700000, 0x0000000087700000|100%| O|  |TAMS 0x0000000087700000, 0x0000000087700000| Untracked 
|  51|0x0000000087700000, 0x0000000087800000, 0x0000000087800000|100%| O|  |TAMS 0x0000000087800000, 0x0000000087800000| Untracked 
|  52|0x0000000087800000, 0x0000000087900000, 0x0000000087900000|100%| O|  |TAMS 0x0000000087900000, 0x0000000087900000| Untracked 
|  53|0x0000000087900000, 0x0000000087a00000, 0x0000000087a00000|100%| O|  |TAMS 0x0000000087a00000, 0x0000000087a00000| Untracked 
|  54|0x0000000087a00000, 0x0000000087b00000, 0x0000000087b00000|100%| O|  |TAMS 0x0000000087b00000, 0x0000000087b00000| Untracked 
|  55|0x0000000087b00000, 0x0000000087c00000, 0x0000000087c00000|100%| O|  |TAMS 0x0000000087c00000, 0x0000000087c00000| Untracked 
|  56|0x0000000087c00000, 0x0000000087d00000, 0x0000000087d00000|100%| O|  |TAMS 0x0000000087d00000, 0x0000000087d00000| Untracked 
|  57|0x0000000087d00000, 0x0000000087e00000, 0x0000000087e00000|100%| O|  |TAMS 0x0000000087e00000, 0x0000000087e00000| Untracked 
|  58|0x0000000087e00000, 0x0000000087f00000, 0x0000000087f00000|100%| O|  |TAMS 0x0000000087f00000, 0x0000000087f00000| Untracked 
|  59|0x0000000087f00000, 0x0000000088000000, 0x0000000088000000|100%| O|  |TAMS 0x0000000088000000, 0x0000000088000000| Untracked 
|  60|0x0000000088000000, 0x0000000088100000, 0x0000000088100000|100%| O|  |TAMS 0x0000000088100000, 0x0000000088100000| Untracked 
|  61|0x0000000088100000, 0x0000000088200000, 0x0000000088200000|100%| O|  |TAMS 0x0000000088200000, 0x0000000088200000| Untracked 
|  62|0x0000000088200000, 0x0000000088300000, 0x0000000088300000|100%| O|  |TAMS 0x0000000088300000, 0x0000000088300000| Untracked 
|  63|0x0000000088300000, 0x0000000088400000, 0x0000000088400000|100%| O|  |TAMS 0x0000000088400000, 0x0000000088400000| Untracked 
|  64|0x0000000088400000, 0x0000000088500000, 0x0000000088500000|100%| O|  |TAMS 0x0000000088500000, 0x0000000088500000| Untracked 
|  65|0x0000000088500000, 0x0000000088600000, 0x0000000088600000|100%| O|  |TAMS 0x0000000088600000, 0x0000000088600000| Untracked 
|  66|0x0000000088600000, 0x0000000088700000, 0x0000000088700000|100%| O|  |TAMS 0x0000000088700000, 0x0000000088700000| Untracked 
|  67|0x0000000088700000, 0x0000000088800000, 0x0000000088800000|100%| O|  |TAMS 0x0000000088800000, 0x0000000088800000| Untracked 
|  68|0x0000000088800000, 0x0000000088900000, 0x0000000088900000|100%| O|  |TAMS 0x0000000088900000, 0x0000000088900000| Untracked 
|  69|0x0000000088900000, 0x0000000088a00000, 0x0000000088a00000|100%| O|  |TAMS 0x0000000088a00000, 0x0000000088a00000| Untracked 
|  70|0x0000000088a00000, 0x0000000088b00000, 0x0000000088b00000|100%| O|  |TAMS 0x0000000088b00000, 0x0000000088b00000| Untracked 
|  71|0x0000000088b00000, 0x0000000088c00000, 0x0000000088c00000|100%| O|  |TAMS 0x0000000088c00000, 0x0000000088c00000| Untracked 
|  72|0x0000000088c00000, 0x0000000088d00000, 0x0000000088d00000|100%| O|  |TAMS 0x0000000088d00000, 0x0000000088d00000| Untracked 
|  73|0x0000000088d00000, 0x0000000088e00000, 0x0000000088e00000|100%| O|  |TAMS 0x0000000088e00000, 0x0000000088e00000| Untracked 
|  74|0x0000000088e00000, 0x0000000088f00000, 0x0000000088f00000|100%| O|  |TAMS 0x0000000088f00000, 0x0000000088f00000| Untracked 
|  75|0x0000000088f00000, 0x0000000089000000, 0x0000000089000000|100%| O|  |TAMS 0x0000000089000000, 0x0000000089000000| Untracked 
|  76|0x0000000089000000, 0x0000000089100000, 0x0000000089100000|100%| O|  |TAMS 0x0000000089100000, 0x0000000089100000| Untracked 
|  77|0x0000000089100000, 0x0000000089200000, 0x0000000089200000|100%| O|  |TAMS 0x0000000089200000, 0x0000000089200000| Untracked 
|  78|0x0000000089200000, 0x0000000089300000, 0x0000000089300000|100%| O|  |TAMS 0x0000000089300000, 0x0000000089300000| Untracked 
|  79|0x0000000089300000, 0x0000000089400000, 0x0000000089400000|100%| O|  |TAMS 0x0000000089400000, 0x0000000089400000| Untracked 
|  80|0x0000000089400000, 0x0000000089500000, 0x0000000089500000|100%| O|  |TAMS 0x0000000089500000, 0x0000000089500000| Untracked 
|  81|0x0000000089500000, 0x0000000089600000, 0x0000000089600000|100%| O|  |TAMS 0x0000000089600000, 0x0000000089600000| Untracked 
|  82|0x0000000089600000, 0x0000000089700000, 0x0000000089700000|100%| O|  |TAMS 0x0000000089700000, 0x0000000089700000| Untracked 
|  83|0x0000000089700000, 0x0000000089800000, 0x0000000089800000|100%| O|  |TAMS 0x0000000089800000, 0x0000000089800000| Untracked 
|  84|0x0000000089800000, 0x0000000089900000, 0x0000000089900000|100%| O|  |TAMS 0x0000000089900000, 0x0000000089900000| Untracked 
|  85|0x0000000089900000, 0x0000000089a00000, 0x0000000089a00000|100%| O|  |TAMS 0x0000000089a00000, 0x0000000089a00000| Untracked 
|  86|0x0000000089a00000, 0x0000000089b00000, 0x0000000089b00000|100%| O|  |TAMS 0x0000000089b00000, 0x0000000089b00000| Untracked 
|  87|0x0000000089b00000, 0x0000000089c00000, 0x0000000089c00000|100%| O|  |TAMS 0x0000000089c00000, 0x0000000089c00000| Untracked 
|  88|0x0000000089c00000, 0x0000000089d00000, 0x0000000089d00000|100%| O|  |TAMS 0x0000000089d00000, 0x0000000089d00000| Untracked 
|  89|0x0000000089d00000, 0x0000000089d00000, 0x0000000089e00000|  0%| F|  |TAMS 0x0000000089d00000, 0x0000000089d00000| Untracked 
|  90|0x0000000089e00000, 0x0000000089f00000, 0x0000000089f00000|100%| O|  |TAMS 0x0000000089e00000, 0x0000000089f00000| Untracked 
|  91|0x0000000089f00000, 0x000000008a000000, 0x000000008a000000|100%| O|  |TAMS 0x0000000089f00000, 0x000000008a000000| Untracked 
|  92|0x000000008a000000, 0x000000008a100000, 0x000000008a100000|100%| O|  |TAMS 0x000000008a000000, 0x000000008a100000| Untracked 
|  93|0x000000008a100000, 0x000000008a200000, 0x000000008a200000|100%| O|  |TAMS 0x000000008a100000, 0x000000008a200000| Untracked 
|  94|0x000000008a200000, 0x000000008a300000, 0x000000008a300000|100%| O|  |TAMS 0x000000008a200000, 0x000000008a300000| Untracked 
|  95|0x000000008a300000, 0x000000008a400000, 0x000000008a400000|100%| O|  |TAMS 0x000000008a300000, 0x000000008a400000| Untracked 
|  96|0x000000008a400000, 0x000000008a4acc00, 0x000000008a500000| 67%| O|  |TAMS 0x000000008a400000, 0x000000008a4acc00| Untracked 
|  97|0x000000008a500000, 0x000000008a500000, 0x000000008a600000|  0%| F|  |TAMS 0x000000008a500000, 0x000000008a500000| Untracked 
|  98|0x000000008a600000, 0x000000008a600000, 0x000000008a700000|  0%| F|  |TAMS 0x000000008a600000, 0x000000008a600000| Untracked 
|  99|0x000000008a700000, 0x000000008a700000, 0x000000008a800000|  0%| F|  |TAMS 0x000000008a700000, 0x000000008a700000| Untracked 
| 100|0x000000008a800000, 0x000000008a800000, 0x000000008a900000|  0%| F|  |TAMS 0x000000008a800000, 0x000000008a800000| Untracked 
| 101|0x000000008a900000, 0x000000008a900000, 0x000000008aa00000|  0%| F|  |TAMS 0x000000008a900000, 0x000000008a900000| Untracked 
| 102|0x000000008aa00000, 0x000000008aa00000, 0x000000008ab00000|  0%| F|  |TAMS 0x000000008aa00000, 0x000000008aa00000| Untracked 
| 103|0x000000008ab00000, 0x000000008ab00000, 0x000000008ac00000|  0%| F|  |TAMS 0x000000008ab00000, 0x000000008ab00000| Untracked 
| 104|0x000000008ac00000, 0x000000008ac00000, 0x000000008ad00000|  0%| F|  |TAMS 0x000000008ac00000, 0x000000008ac00000| Untracked 
| 105|0x000000008ad00000, 0x000000008ad00000, 0x000000008ae00000|  0%| F|  |TAMS 0x000000008ad00000, 0x000000008ad00000| Untracked 
| 106|0x000000008ae00000, 0x000000008ae00000, 0x000000008af00000|  0%| F|  |TAMS 0x000000008ae00000, 0x000000008ae00000| Untracked 
| 107|0x000000008af00000, 0x000000008af00000, 0x000000008b000000|  0%| F|  |TAMS 0x000000008af00000, 0x000000008af00000| Untracked 
| 108|0x000000008b000000, 0x000000008b000000, 0x000000008b100000|  0%| F|  |TAMS 0x000000008b000000, 0x000000008b000000| Untracked 
| 109|0x000000008b100000, 0x000000008b100000, 0x000000008b200000|  0%| F|  |TAMS 0x000000008b100000, 0x000000008b100000| Untracked 
| 110|0x000000008b200000, 0x000000008b200000, 0x000000008b300000|  0%| F|  |TAMS 0x000000008b200000, 0x000000008b200000| Untracked 
| 111|0x000000008b300000, 0x000000008b300000, 0x000000008b400000|  0%| F|  |TAMS 0x000000008b300000, 0x000000008b300000| Untracked 
| 112|0x000000008b400000, 0x000000008b400000, 0x000000008b500000|  0%| F|  |TAMS 0x000000008b400000, 0x000000008b400000| Untracked 
| 113|0x000000008b500000, 0x000000008b500000, 0x000000008b600000|  0%| F|  |TAMS 0x000000008b500000, 0x000000008b500000| Untracked 
| 114|0x000000008b600000, 0x000000008b600000, 0x000000008b700000|  0%| F|  |TAMS 0x000000008b600000, 0x000000008b600000| Untracked 
| 115|0x000000008b700000, 0x000000008b700000, 0x000000008b800000|  0%| F|  |TAMS 0x000000008b700000, 0x000000008b700000| Untracked 
| 116|0x000000008b800000, 0x000000008b800000, 0x000000008b900000|  0%| F|  |TAMS 0x000000008b800000, 0x000000008b800000| Untracked 
| 117|0x000000008b900000, 0x000000008b900000, 0x000000008ba00000|  0%| F|  |TAMS 0x000000008b900000, 0x000000008b900000| Untracked 
| 118|0x000000008ba00000, 0x000000008ba00000, 0x000000008bb00000|  0%| F|  |TAMS 0x000000008ba00000, 0x000000008ba00000| Untracked 
| 119|0x000000008bb00000, 0x000000008bb00000, 0x000000008bc00000|  0%| F|  |TAMS 0x000000008bb00000, 0x000000008bb00000| Untracked 
| 120|0x000000008bc00000, 0x000000008bc00000, 0x000000008bd00000|  0%| F|  |TAMS 0x000000008bc00000, 0x000000008bc00000| Untracked 
| 121|0x000000008bd00000, 0x000000008bd00000, 0x000000008be00000|  0%| F|  |TAMS 0x000000008bd00000, 0x000000008bd00000| Untracked 
| 122|0x000000008be00000, 0x000000008be00000, 0x000000008bf00000|  0%| F|  |TAMS 0x000000008be00000, 0x000000008be00000| Untracked 
| 123|0x000000008bf00000, 0x000000008c000000, 0x000000008c000000|100%| S|CS|TAMS 0x000000008bf00000, 0x000000008bf00000| Complete 
| 124|0x000000008c000000, 0x000000008c100000, 0x000000008c100000|100%| S|CS|TAMS 0x000000008c000000, 0x000000008c000000| Complete 
| 125|0x000000008c100000, 0x000000008c100000, 0x000000008c200000|  0%| F|  |TAMS 0x000000008c100000, 0x000000008c100000| Untracked 
| 126|0x000000008c200000, 0x000000008c200000, 0x000000008c300000|  0%| F|  |TAMS 0x000000008c200000, 0x000000008c200000| Untracked 
| 127|0x000000008c300000, 0x000000008c300000, 0x000000008c400000|  0%| F|  |TAMS 0x000000008c300000, 0x000000008c300000| Untracked 
| 128|0x000000008c400000, 0x000000008c400000, 0x000000008c500000|  0%| F|  |TAMS 0x000000008c400000, 0x000000008c400000| Untracked 
| 129|0x000000008c500000, 0x000000008c500000, 0x000000008c600000|  0%| F|  |TAMS 0x000000008c500000, 0x000000008c500000| Untracked 
| 130|0x000000008c600000, 0x000000008c600000, 0x000000008c700000|  0%| F|  |TAMS 0x000000008c600000, 0x000000008c600000| Untracked 
| 131|0x000000008c700000, 0x000000008c700000, 0x000000008c800000|  0%| F|  |TAMS 0x000000008c700000, 0x000000008c700000| Untracked 
| 132|0x000000008c800000, 0x000000008c800000, 0x000000008c900000|  0%| F|  |TAMS 0x000000008c800000, 0x000000008c800000| Untracked 
| 133|0x000000008c900000, 0x000000008c900000, 0x000000008ca00000|  0%| F|  |TAMS 0x000000008c900000, 0x000000008c900000| Untracked 
| 134|0x000000008ca00000, 0x000000008ca00000, 0x000000008cb00000|  0%| F|  |TAMS 0x000000008ca00000, 0x000000008ca00000| Untracked 
| 135|0x000000008cb00000, 0x000000008cb00000, 0x000000008cc00000|  0%| F|  |TAMS 0x000000008cb00000, 0x000000008cb00000| Untracked 
| 136|0x000000008cc00000, 0x000000008cc00000, 0x000000008cd00000|  0%| F|  |TAMS 0x000000008cc00000, 0x000000008cc00000| Untracked 
| 137|0x000000008cd00000, 0x000000008cd00000, 0x000000008ce00000|  0%| F|  |TAMS 0x000000008cd00000, 0x000000008cd00000| Untracked 
| 138|0x000000008ce00000, 0x000000008ce00000, 0x000000008cf00000|  0%| F|  |TAMS 0x000000008ce00000, 0x000000008ce00000| Untracked 
| 139|0x000000008cf00000, 0x000000008cf00000, 0x000000008d000000|  0%| F|  |TAMS 0x000000008cf00000, 0x000000008cf00000| Untracked 
| 140|0x000000008d000000, 0x000000008d000000, 0x000000008d100000|  0%| F|  |TAMS 0x000000008d000000, 0x000000008d000000| Untracked 
| 141|0x000000008d100000, 0x000000008d100000, 0x000000008d200000|  0%| F|  |TAMS 0x000000008d100000, 0x000000008d100000| Untracked 
| 142|0x000000008d200000, 0x000000008d200000, 0x000000008d300000|  0%| F|  |TAMS 0x000000008d200000, 0x000000008d200000| Untracked 
| 143|0x000000008d300000, 0x000000008d300000, 0x000000008d400000|  0%| F|  |TAMS 0x000000008d300000, 0x000000008d300000| Untracked 
| 144|0x000000008d400000, 0x000000008d400000, 0x000000008d500000|  0%| F|  |TAMS 0x000000008d400000, 0x000000008d400000| Untracked 
| 145|0x000000008d500000, 0x000000008d500000, 0x000000008d600000|  0%| F|  |TAMS 0x000000008d500000, 0x000000008d500000| Untracked 
| 146|0x000000008d600000, 0x000000008d600000, 0x000000008d700000|  0%| F|  |TAMS 0x000000008d600000, 0x000000008d600000| Untracked 
| 147|0x000000008d700000, 0x000000008d700000, 0x000000008d800000|  0%| F|  |TAMS 0x000000008d700000, 0x000000008d700000| Untracked 
| 148|0x000000008d800000, 0x000000008d800000, 0x000000008d900000|  0%| F|  |TAMS 0x000000008d800000, 0x000000008d800000| Untracked 
| 149|0x000000008d900000, 0x000000008d900000, 0x000000008da00000|  0%| F|  |TAMS 0x000000008d900000, 0x000000008d900000| Untracked 
| 150|0x000000008da00000, 0x000000008da00000, 0x000000008db00000|  0%| F|  |TAMS 0x000000008da00000, 0x000000008da00000| Untracked 
| 151|0x000000008db00000, 0x000000008db00000, 0x000000008dc00000|  0%| F|  |TAMS 0x000000008db00000, 0x000000008db00000| Untracked 
| 152|0x000000008dc00000, 0x000000008dc00000, 0x000000008dd00000|  0%| F|  |TAMS 0x000000008dc00000, 0x000000008dc00000| Untracked 
| 153|0x000000008dd00000, 0x000000008dd00000, 0x000000008de00000|  0%| F|  |TAMS 0x000000008dd00000, 0x000000008dd00000| Untracked 
| 154|0x000000008de00000, 0x000000008de00000, 0x000000008df00000|  0%| F|  |TAMS 0x000000008de00000, 0x000000008de00000| Untracked 
| 155|0x000000008df00000, 0x000000008df00000, 0x000000008e000000|  0%| F|  |TAMS 0x000000008df00000, 0x000000008df00000| Untracked 
| 156|0x000000008e000000, 0x000000008e000000, 0x000000008e100000|  0%| F|  |TAMS 0x000000008e000000, 0x000000008e000000| Untracked 
| 157|0x000000008e100000, 0x000000008e100000, 0x000000008e200000|  0%| F|  |TAMS 0x000000008e100000, 0x000000008e100000| Untracked 
| 158|0x000000008e200000, 0x000000008e200000, 0x000000008e300000|  0%| F|  |TAMS 0x000000008e200000, 0x000000008e200000| Untracked 
| 159|0x000000008e300000, 0x000000008e300000, 0x000000008e400000|  0%| F|  |TAMS 0x000000008e300000, 0x000000008e300000| Untracked 
| 160|0x000000008e400000, 0x000000008e400000, 0x000000008e500000|  0%| F|  |TAMS 0x000000008e400000, 0x000000008e400000| Untracked 
| 161|0x000000008e500000, 0x000000008e500000, 0x000000008e600000|  0%| F|  |TAMS 0x000000008e500000, 0x000000008e500000| Untracked 
| 162|0x000000008e600000, 0x000000008e600000, 0x000000008e700000|  0%| F|  |TAMS 0x000000008e600000, 0x000000008e600000| Untracked 
| 163|0x000000008e700000, 0x000000008e700000, 0x000000008e800000|  0%| F|  |TAMS 0x000000008e700000, 0x000000008e700000| Untracked 
| 164|0x000000008e800000, 0x000000008e800000, 0x000000008e900000|  0%| F|  |TAMS 0x000000008e800000, 0x000000008e800000| Untracked 
| 165|0x000000008e900000, 0x000000008e900000, 0x000000008ea00000|  0%| F|  |TAMS 0x000000008e900000, 0x000000008e900000| Untracked 
| 166|0x000000008ea00000, 0x000000008ea00000, 0x000000008eb00000|  0%| F|  |TAMS 0x000000008ea00000, 0x000000008ea00000| Untracked 
| 167|0x000000008eb00000, 0x000000008eb00000, 0x000000008ec00000|  0%| F|  |TAMS 0x000000008eb00000, 0x000000008eb00000| Untracked 
| 168|0x000000008ec00000, 0x000000008ec00000, 0x000000008ed00000|  0%| F|  |TAMS 0x000000008ec00000, 0x000000008ec00000| Untracked 
| 169|0x000000008ed00000, 0x000000008ed00000, 0x000000008ee00000|  0%| F|  |TAMS 0x000000008ed00000, 0x000000008ed00000| Untracked 
| 170|0x000000008ee00000, 0x000000008ee00000, 0x000000008ef00000|  0%| F|  |TAMS 0x000000008ee00000, 0x000000008ee00000| Untracked 
|1979|0x00000000fff00000, 0x0000000100000000, 0x0000000100000000|100%| O|  |TAMS 0x0000000100000000, 0x0000000100000000| Untracked 

Card table byte_map: [0x000001a5515a0000,0x000001a551980000] _byte_map_base: 0x000001a55117e000

Marking Bits (Prev, Next): (CMBitMap*) 0x000001a53e706cd0, (CMBitMap*) 0x000001a53e706d10
 Prev Bits: [0x000001a551d60000, 0x000001a553c50000)
 Next Bits: [0x000001a553c50000, 0x000001a555b40000)

Polling page: 0x000001a53de60000

Metaspace:

Usage:
  Non-class:     48.07 MB used.
      Class:      6.17 MB used.
       Both:     54.24 MB used.

Virtual space:
  Non-class space:       64.00 MB reserved,      48.19 MB ( 75%) committed,  1 nodes.
      Class space:        1.00 GB reserved,       6.31 MB ( <1%) committed,  1 nodes.
             Both:        1.06 GB reserved,      54.50 MB (  5%) committed. 

Chunk freelists:
   Non-Class:  15.57 MB
       Class:  9.59 MB
        Both:  25.16 MB

MaxMetaspaceSize: unlimited
CompressedClassSpaceSize: 1.00 GB
Initial GC threshold: 21.00 MB
Current GC threshold: 90.56 MB
CDS: on
MetaspaceReclaimPolicy: balanced
 - commit_granule_bytes: 65536.
 - commit_granule_words: 8192.
 - virtual_space_node_default_size: 8388608.
 - enlarge_chunks_in_place: 1.
 - new_chunks_are_fully_committed: 0.
 - uncommit_free_chunks: 1.
 - use_allocation_guard: 0.
 - handle_deallocations: 1.


Internal statistics:

num_allocs_failed_limit: 6.
num_arena_births: 314.
num_arena_deaths: 0.
num_vsnodes_births: 2.
num_vsnodes_deaths: 0.
num_space_committed: 870.
num_space_uncommitted: 0.
num_chunks_returned_to_freelist: 6.
num_chunks_taken_from_freelist: 2394.
num_chunk_merges: 6.
num_chunk_splits: 1831.
num_chunks_enlarged: 1533.
num_inconsistent_stats: 0.

CodeHeap 'non-profiled nmethods': size=120000Kb used=7919Kb max_used=8140Kb free=112080Kb
 bounds [0x000001a549960000, 0x000001a54a160000, 0x000001a550e90000]
CodeHeap 'profiled nmethods': size=120000Kb used=30335Kb max_used=31531Kb free=89664Kb
 bounds [0x000001a541e90000, 0x000001a543d60000, 0x000001a5493c0000]
CodeHeap 'non-nmethods': size=5760Kb used=1319Kb max_used=1400Kb free=4440Kb
 bounds [0x000001a5493c0000, 0x000001a549630000, 0x000001a549960000]
 total_blobs=11000 nmethods=10380 adapters=529
 compilation: enabled
              stopped_count=0, restarted_count=0
 full_count=0

Compilation events (20 events):
Event: 18.686 Thread 0x000001a55858b4e0 12971       4       java.util.concurrent.locks.AbstractQueuedSynchronizer::acquireShared (20 bytes)
Event: 18.689 Thread 0x000001a55858b4e0 nmethod 12971 0x000001a54a14bc10 code [0x000001a54a14bda0, 0x000001a54a14c018]
Event: 18.694 Thread 0x000001a59fcffbf0 12972       4       org.jetbrains.kotlin.load.kotlin.header.ReadKotlinClassHeaderAnnotationVisitor$KotlinMetadataArgumentVisitor::visit (175 bytes)
Event: 18.695 Thread 0x000001a55858b4e0 12973       4       sun.nio.fs.WindowsPath::getFileSystem (5 bytes)
Event: 18.696 Thread 0x000001a55858b4e0 nmethod 12973 0x000001a54a14c210 code [0x000001a54a14c380, 0x000001a54a14c3f8]
Event: 18.701 Thread 0x000001a55858b4e0 12974   !   4       sun.nio.fs.WindowsFileAttributes::get (236 bytes)
Event: 18.705 Thread 0x000001a59fcffbf0 nmethod 12972 0x000001a54a14c510 code [0x000001a54a14c740, 0x000001a54a14d240]
Event: 18.705 Thread 0x000001a59fcffbf0 12975   !   4       sun.nio.fs.WindowsNativeDispatcher::GetFileAttributesEx (30 bytes)
Event: 18.722 Thread 0x000001a59fcffbf0 nmethod 12975 0x000001a54a14d910 code [0x000001a54a14db40, 0x000001a54a14e8f0]
Event: 18.723 Thread 0x000001a59fcffbf0 12976       4       sun.nio.fs.Util::followLinks (66 bytes)
Event: 18.725 Thread 0x000001a59fcffbf0 nmethod 12976 0x000001a54a14f410 code [0x000001a54a14f5a0, 0x000001a54a14f698]
Event: 18.725 Thread 0x000001a59fcffbf0 12977       4       sun.nio.fs.WindowsFileAttributeViews$Basic::readAttributes (5 bytes)
Event: 18.738 Thread 0x000001a55858b4e0 nmethod 12974 0x000001a54a14f790 code [0x000001a54a14fa60, 0x000001a54a1517c8]
Event: 18.738 Thread 0x000001a55858b4e0 12978       4       sun.nio.fs.WindowsFileAttributes::isDirectory (25 bytes)
Event: 18.739 Thread 0x000001a55858b4e0 nmethod 12978 0x000001a54a152e10 code [0x000001a54a152f80, 0x000001a54a153038]
Event: 18.743 Thread 0x000001a59fcffbf0 nmethod 12977 0x000001a549ed7c90 code [0x000001a549ed7ec0, 0x000001a549ed8b00]
Event: 18.757 Thread 0x000001a59fcffbf0 12979       4       org.jetbrains.kotlin.com.intellij.util.containers.hash.LinkedHashMap::get (91 bytes)
Event: 18.757 Thread 0x000001a55858b4e0 12980   !   4       org.jetbrains.kotlin.com.intellij.openapi.util.io.FileSystemUtil::getAttributes (123 bytes)
Event: 18.768 Thread 0x000001a59fcffbf0 nmethod 12979 0x000001a549cb2710 code [0x000001a549cb28c0, 0x000001a549cb30a8]
Event: 18.768 Thread 0x000001a59fcffbf0 12981   !   4       org.jetbrains.kotlin.com.intellij.openapi.util.io.FileSystemUtil$Nio2MediatorImpl::getAttributes (263 bytes)

GC Heap History (20 events):
Event: 9.139 GC heap after
{Heap after GC invocations=16 (full 0):
 garbage-first heap   total 174080K, used 63373K [0x0000000084400000, 0x0000000100000000)
  region size 1024K, 9 young (9216K), 9 survivors (9216K)
 Metaspace       used 47965K, committed 48320K, reserved 1114112K
  class space    used 5791K, committed 5952K, reserved 1048576K
}
Event: 10.928 GC heap before
{Heap before GC invocations=16 (full 0):
 garbage-first heap   total 174080K, used 123789K [0x0000000084400000, 0x0000000100000000)
  region size 1024K, 68 young (69632K), 9 survivors (9216K)
 Metaspace       used 52209K, committed 52544K, reserved 1114112K
  class space    used 6171K, committed 6336K, reserved 1048576K
}
Event: 10.949 GC heap after
{Heap after GC invocations=17 (full 0):
 garbage-first heap   total 174080K, used 69793K [0x0000000084400000, 0x0000000100000000)
  region size 1024K, 8 young (8192K), 8 survivors (8192K)
 Metaspace       used 52209K, committed 52544K, reserved 1114112K
  class space    used 6171K, committed 6336K, reserved 1048576K
}
Event: 12.906 GC heap before
{Heap before GC invocations=17 (full 0):
 garbage-first heap   total 174080K, used 130209K [0x0000000084400000, 0x0000000100000000)
  region size 1024K, 65 young (66560K), 8 survivors (8192K)
 Metaspace       used 54104K, committed 54400K, reserved 1114112K
  class space    used 6278K, committed 6400K, reserved 1048576K
}
Event: 12.918 GC heap after
{Heap after GC invocations=18 (full 0):
 garbage-first heap   total 174080K, used 78539K [0x0000000084400000, 0x0000000100000000)
  region size 1024K, 7 young (7168K), 7 survivors (7168K)
 Metaspace       used 54104K, committed 54400K, reserved 1114112K
  class space    used 6278K, committed 6400K, reserved 1048576K
}
Event: 13.141 GC heap before
{Heap before GC invocations=18 (full 0):
 garbage-first heap   total 174080K, used 133835K [0x0000000084400000, 0x0000000100000000)
  region size 1024K, 61 young (62464K), 7 survivors (7168K)
 Metaspace       used 54124K, committed 54400K, reserved 1114112K
  class space    used 6278K, committed 6400K, reserved 1048576K
}
Event: 13.149 GC heap after
{Heap after GC invocations=19 (full 0):
 garbage-first heap   total 174080K, used 81256K [0x0000000084400000, 0x0000000100000000)
  region size 1024K, 3 young (3072K), 3 survivors (3072K)
 Metaspace       used 54124K, committed 54400K, reserved 1114112K
  class space    used 6278K, committed 6400K, reserved 1048576K
}
Event: 13.409 GC heap before
{Heap before GC invocations=19 (full 0):
 garbage-first heap   total 174080K, used 137576K [0x0000000084400000, 0x0000000100000000)
  region size 1024K, 58 young (59392K), 3 survivors (3072K)
 Metaspace       used 54231K, committed 54528K, reserved 1114112K
  class space    used 6283K, committed 6400K, reserved 1048576K
}
Event: 13.418 GC heap after
{Heap after GC invocations=20 (full 0):
 garbage-first heap   total 174080K, used 88002K [0x0000000084400000, 0x0000000100000000)
  region size 1024K, 8 young (8192K), 8 survivors (8192K)
 Metaspace       used 54231K, committed 54528K, reserved 1114112K
  class space    used 6283K, committed 6400K, reserved 1048576K
}
Event: 14.971 GC heap before
{Heap before GC invocations=21 (full 0):
 garbage-first heap   total 174080K, used 140226K [0x0000000084400000, 0x0000000100000000)
  region size 1024K, 59 young (60416K), 8 survivors (8192K)
 Metaspace       used 54869K, committed 55168K, reserved 1114112K
  class space    used 6309K, committed 6464K, reserved 1048576K
}
Event: 14.985 GC heap after
{Heap after GC invocations=22 (full 0):
 garbage-first heap   total 174080K, used 93306K [0x0000000084400000, 0x0000000100000000)
  region size 1024K, 5 young (5120K), 5 survivors (5120K)
 Metaspace       used 54869K, committed 55168K, reserved 1114112K
  class space    used 6309K, committed 6464K, reserved 1048576K
}
Event: 15.048 GC heap before
{Heap before GC invocations=22 (full 0):
 garbage-first heap   total 174080K, used 96378K [0x0000000084400000, 0x0000000100000000)
  region size 1024K, 8 young (8192K), 5 survivors (5120K)
 Metaspace       used 54872K, committed 55168K, reserved 1114112K
  class space    used 6309K, committed 6464K, reserved 1048576K
}
Event: 15.054 GC heap after
{Heap after GC invocations=23 (full 0):
 garbage-first heap   total 174080K, used 93184K [0x0000000084400000, 0x0000000100000000)
  region size 1024K, 1 young (1024K), 1 survivors (1024K)
 Metaspace       used 54872K, committed 55168K, reserved 1114112K
  class space    used 6309K, committed 6464K, reserved 1048576K
}
Event: 16.801 GC heap before
{Heap before GC invocations=23 (full 0):
 garbage-first heap   total 174080K, used 142336K [0x0000000084400000, 0x0000000100000000)
  region size 1024K, 49 young (50176K), 1 survivors (1024K)
 Metaspace       used 55303K, committed 55616K, reserved 1114112K
  class space    used 6316K, committed 6464K, reserved 1048576K
}
Event: 16.809 GC heap after
{Heap after GC invocations=24 (full 0):
 garbage-first heap   total 174080K, used 95758K [0x0000000084400000, 0x0000000100000000)
  region size 1024K, 4 young (4096K), 4 survivors (4096K)
 Metaspace       used 55303K, committed 55616K, reserved 1114112K
  class space    used 6316K, committed 6464K, reserved 1048576K
}
Event: 18.500 GC heap before
{Heap before GC invocations=25 (full 0):
 garbage-first heap   total 174080K, used 142862K [0x0000000084400000, 0x0000000100000000)
  region size 1024K, 50 young (51200K), 4 survivors (4096K)
 Metaspace       used 55542K, committed 55808K, reserved 1114112K
  class space    used 6319K, committed 6464K, reserved 1048576K
}
Event: 18.510 GC heap after
{Heap after GC invocations=26 (full 0):
 garbage-first heap   total 174080K, used 99585K [0x0000000084400000, 0x0000000100000000)
  region size 1024K, 7 young (7168K), 7 survivors (7168K)
 Metaspace       used 55542K, committed 55808K, reserved 1114112K
  class space    used 6319K, committed 6464K, reserved 1048576K
}
Event: 18.518 GC heap before
{Heap before GC invocations=26 (full 0):
 garbage-first heap   total 174080K, used 100609K [0x0000000084400000, 0x0000000100000000)
  region size 1024K, 8 young (8192K), 7 survivors (7168K)
 Metaspace       used 55542K, committed 55808K, reserved 1114112K
  class space    used 6319K, committed 6464K, reserved 1048576K
}
Event: 18.527 GC heap after
{Heap after GC invocations=27 (full 0):
 garbage-first heap   total 174080K, used 100019K [0x0000000084400000, 0x0000000100000000)
  region size 1024K, 1 young (1024K), 1 survivors (1024K)
 Metaspace       used 55542K, committed 55808K, reserved 1114112K
  class space    used 6319K, committed 6464K, reserved 1048576K
}
Event: 18.795 GC heap before
{Heap before GC invocations=27 (full 0):
 garbage-first heap   total 174080K, used 144051K [0x0000000084400000, 0x0000000100000000)
  region size 1024K, 44 young (45056K), 1 survivors (1024K)
 Metaspace       used 55543K, committed 55808K, reserved 1114112K
  class space    used 6320K, committed 6464K, reserved 1048576K
}

Dll operation events (3 events):
Event: 0.010 Loaded shared library C:\Users\Samar\.jdks\jbr-17.0.14\bin\java.dll
Event: 0.031 Loaded shared library C:\Users\Samar\.jdks\jbr-17.0.14\bin\jsvml.dll
Event: 1.221 Loaded shared library C:\Users\Samar\.jdks\jbr-17.0.14\bin\verify.dll

Deoptimization events (20 events):
Event: 17.692 Thread 0x000001a53e6a91b0 Uncommon trap: trap_request=0xffffffc6 fr.pc=0x000001a54a0b6e8c relative=0x0000000000004e0c
Event: 17.692 Thread 0x000001a53e6a91b0 Uncommon trap: reason=bimorphic_or_optimized_type_check action=maybe_recompile pc=0x000001a54a0b6e8c method=org.jetbrains.kotlin.types.AbstractTypeChecker.isSubtypeOfForSingleClassifierType(Lorg/jetbrains/kotlin/types/TypeCheckerState;Lorg/jetbrains/kotli
Event: 17.692 Thread 0x000001a53e6a91b0 DEOPT PACKING pc=0x000001a54a0b6e8c sp=0x00000053245fc2f0
Event: 17.692 Thread 0x000001a53e6a91b0 DEOPT UNPACKING pc=0x000001a54941a1a3 sp=0x00000053245fc308 mode 2
Event: 17.713 Thread 0x000001a53e6a91b0 Uncommon trap: trap_request=0xffffffde fr.pc=0x000001a549ff4238 relative=0x0000000000005db8
Event: 17.713 Thread 0x000001a53e6a91b0 Uncommon trap: reason=class_check action=maybe_recompile pc=0x000001a549ff4238 method=org.jetbrains.kotlin.types.TypeSubstitutor.projectedTypeForConflictedTypeWithUnsafeVariance(Lorg/jetbrains/kotlin/types/KotlinType;Lorg/jetbrains/kotlin/types/TypeProjec
Event: 17.713 Thread 0x000001a53e6a91b0 DEOPT PACKING pc=0x000001a549ff4238 sp=0x00000053245faa90
Event: 17.713 Thread 0x000001a53e6a91b0 DEOPT UNPACKING pc=0x000001a54941a1a3 sp=0x00000053245fa9f8 mode 2
Event: 17.713 Thread 0x000001a53e6a91b0 Uncommon trap: trap_request=0xffffffde fr.pc=0x000001a549ff4238 relative=0x0000000000005db8
Event: 17.713 Thread 0x000001a53e6a91b0 Uncommon trap: reason=class_check action=maybe_recompile pc=0x000001a549ff4238 method=org.jetbrains.kotlin.types.TypeSubstitutor.projectedTypeForConflictedTypeWithUnsafeVariance(Lorg/jetbrains/kotlin/types/KotlinType;Lorg/jetbrains/kotlin/types/TypeProjec
Event: 17.713 Thread 0x000001a53e6a91b0 DEOPT PACKING pc=0x000001a549ff4238 sp=0x00000053245faa90
Event: 17.713 Thread 0x000001a53e6a91b0 DEOPT UNPACKING pc=0x000001a54941a1a3 sp=0x00000053245fa9f8 mode 2
Event: 17.732 Thread 0x000001a53e6a91b0 Uncommon trap: trap_request=0xffffffc6 fr.pc=0x000001a54a0b6e8c relative=0x0000000000004e0c
Event: 17.732 Thread 0x000001a53e6a91b0 Uncommon trap: reason=bimorphic_or_optimized_type_check action=maybe_recompile pc=0x000001a54a0b6e8c method=org.jetbrains.kotlin.types.AbstractTypeChecker.isSubtypeOfForSingleClassifierType(Lorg/jetbrains/kotlin/types/TypeCheckerState;Lorg/jetbrains/kotli
Event: 17.732 Thread 0x000001a53e6a91b0 DEOPT PACKING pc=0x000001a54a0b6e8c sp=0x00000053245fc490
Event: 17.732 Thread 0x000001a53e6a91b0 DEOPT UNPACKING pc=0x000001a54941a1a3 sp=0x00000053245fc4a8 mode 2
Event: 18.116 Thread 0x000001a53e6a91b0 Uncommon trap: trap_request=0xffffff45 fr.pc=0x000001a54a0e47cc relative=0x0000000000002dcc
Event: 18.116 Thread 0x000001a53e6a91b0 Uncommon trap: reason=unstable_if action=reinterpret pc=0x000001a54a0e47cc method=org.jetbrains.kotlin.types.AbstractTypeChecker.selectOnlyPureKotlinSupertypes(Lorg/jetbrains/kotlin/types/TypeCheckerState;Ljava/util/List;)Ljava/util/List; @ 15 c2
Event: 18.116 Thread 0x000001a53e6a91b0 DEOPT PACKING pc=0x000001a54a0e47cc sp=0x00000053245fc3d0
Event: 18.116 Thread 0x000001a53e6a91b0 DEOPT UNPACKING pc=0x000001a54941a1a3 sp=0x00000053245fc208 mode 2

Classes loaded (20 events):
Event: 6.281 Loading class java/util/AbstractList$SubList$1
Event: 6.281 Loading class java/util/AbstractList$SubList$1 done
Event: 6.281 Loading class java/util/AbstractList$ListItr
Event: 6.281 Loading class java/util/AbstractList$ListItr done
Event: 6.371 Loading class java/util/AbstractList$RandomAccessSubList
Event: 6.371 Loading class java/util/AbstractList$RandomAccessSubList done
Event: 6.471 Loading class java/text/StringCharacterIterator
Event: 6.471 Loading class java/text/CharacterIterator
Event: 6.471 Loading class java/text/CharacterIterator done
Event: 6.471 Loading class java/text/StringCharacterIterator done
Event: 7.372 Loading class jdk/internal/math/FloatingDecimal$ASCIIToBinaryBuffer
Event: 7.381 Loading class jdk/internal/math/FloatingDecimal$ASCIIToBinaryBuffer done
Event: 8.511 Loading class java/util/RegularEnumSet$EnumSetIterator
Event: 8.511 Loading class java/util/RegularEnumSet$EnumSetIterator done
Event: 10.465 Loading class java/util/regex/Pattern$Bound
Event: 10.465 Loading class java/util/regex/Pattern$Bound done
Event: 10.466 Loading class java/util/regex/Pattern$NotBehind
Event: 10.466 Loading class java/util/regex/Pattern$NotBehind done
Event: 12.842 Loading class java/util/concurrent/locks/AbstractQueuedSynchronizer$Node
Event: 12.858 Loading class java/util/concurrent/locks/AbstractQueuedSynchronizer$Node done

Classes unloaded (0 events):
No events

Classes redefined (0 events):
No events

Internal exceptions (20 events):
Event: 5.874 Thread 0x000001a53e6a91b0 Exception <a 'java/lang/NoSuchMethodError'{0x0000000088d0c2c8}: 'java.lang.Object java.lang.invoke.Invokers$Holder.linkToTargetMethod(java.lang.Object, java.lang.Object, int, java.lang.Object)'> (0x0000000088d0c2c8) 
thrown [s\src\hotspot\share\interpreter\linkResolver.cpp, line 771]
Event: 6.253 Thread 0x000001a53e6a91b0 Exception <a 'java/lang/NoSuchMethodError'{0x0000000088212dc0}: 'java.lang.Object java.lang.invoke.DirectMethodHandle$Holder.invokeInterface(java.lang.Object, java.lang.Object)'> (0x0000000088212dc0) 
thrown [s\src\hotspot\share\interpreter\linkResolver.cpp, line 771]
Event: 7.019 Thread 0x000001a53e6a91b0 Exception <a 'java/lang/NoSuchMethodError'{0x0000000088d59c88}: 'java.lang.Object java.lang.invoke.DirectMethodHandle$Holder.newInvokeSpecial(java.lang.Object, java.lang.Object, java.lang.Object, java.lang.Object, java.lang.Object, java.lang.Object)'> (0x0000000088d59c88) 
thrown [s\src\hotspot\share\interpreter\linkResolver.cpp, line 771]
Event: 7.361 Thread 0x000001a53e6a91b0 Exception <a 'java/lang/NoSuchMethodError'{0x000000008e24b1d8}: 'int java.lang.invoke.DirectMethodHandle$Holder.invokeStaticInit(java.lang.Object, int)'> (0x000000008e24b1d8) 
thrown [s\src\hotspot\share\interpreter\linkResolver.cpp, line 771]
Event: 7.604 Thread 0x000001a53e6a91b0 Exception <a 'java/lang/NoSuchMethodError'{0x000000008d8d0638}: 'java.lang.Object java.lang.invoke.DirectMethodHandle$Holder.newInvokeSpecial(java.lang.Object, java.lang.Object, java.lang.Object, java.lang.Object, java.lang.Object, java.lang.Object, java.lang.Object, java.lang.Object)'> (0x000000008d8d0638) 
thrown [s\src\hotspot\share\interpreter\linkResolver.cpp, line 771]
Event: 7.605 Thread 0x000001a53e6a91b0 Exception <a 'java/lang/NoSuchMethodError'{0x000000008d8d5c50}: 'java.lang.Object java.lang.invoke.DirectMethodHandle$Holder.invokeSpecial(java.lang.Object, java.lang.Object, java.lang.Object, java.lang.Object, java.lang.Object, java.lang.Object, java.lang.Object, java.lang.Object, java.lang.Object)'> (0x000000008d8d5c50) 
thrown [s\src\hotspot\share\interpreter\linkResolver.cpp, line 771]
Event: 7.605 Thread 0x000001a53e6a91b0 Exception <a 'java/lang/NoSuchMethodError'{0x000000008d8dab80}: 'java.lang.Object java.lang.invoke.Invokers$Holder.linkToTargetMethod(java.lang.Object, java.lang.Object, java.lang.Object, java.lang.Object, java.lang.Object, java.lang.Object, java.lang.Object, java.lang.Object)'> (0x000000008d8dab80) 
thrown [s\src\hotspot\share\interpreter\linkResolver.cpp, line 771]
Event: 8.638 Thread 0x000001a53e6a91b0 Exception <a 'java/lang/NoSuchMethodError'{0x000000008bc7f768}: 'java.lang.Object java.lang.invoke.DirectMethodHandle$Holder.invokeStaticInit(java.lang.Object, java.lang.Object, java.lang.Object)'> (0x000000008bc7f768) 
thrown [s\src\hotspot\share\interpreter\linkResolver.cpp, line 771]
Event: 9.229 Thread 0x000001a53e6a91b0 Implicit null exception at 0x000001a5499b330e to 0x000001a5499b3554
Event: 9.229 Thread 0x000001a53e6a91b0 Implicit null exception at 0x000001a549a67d0f to 0x000001a549a67d89
Event: 9.374 Thread 0x000001a53e6a91b0 Exception <a 'java/lang/NoSuchMethodError'{0x000000008e190dd8}: 'int java.lang.invoke.DirectMethodHandle$Holder.invokeInterface(java.lang.Object, java.lang.Object)'> (0x000000008e190dd8) 
thrown [s\src\hotspot\share\interpreter\linkResolver.cpp, line 771]
Event: 9.390 Thread 0x000001a53e6a91b0 Exception <a 'java/lang/NoSuchMethodError'{0x000000008e1c7290}: 'java.lang.Object java.lang.invoke.DirectMethodHandle$Holder.newInvokeSpecial(java.lang.Object, int, java.lang.Object)'> (0x000000008e1c7290) 
thrown [s\src\hotspot\share\interpreter\linkResolver.cpp, line 771]
Event: 9.811 Thread 0x000001a53e6a91b0 Exception <a 'java/lang/NoSuchMethodError'{0x000000008d3acc08}: 'java.lang.Object java.lang.invoke.DirectMethodHandle$Holder.invokeInterface(java.lang.Object, java.lang.Object, java.lang.Object)'> (0x000000008d3acc08) 
thrown [s\src\hotspot\share\interpreter\linkResolver.cpp, line 771]
Event: 9.811 Thread 0x000001a53e6a91b0 Exception <a 'java/lang/IncompatibleClassChangeError'{0x000000008d3b1018}: Found class java.lang.Object, but interface was expected> (0x000000008d3b1018) 
thrown [s\src\hotspot\share\interpreter\linkResolver.cpp, line 838]
Event: 10.814 Thread 0x000001a53e6a91b0 Implicit null exception at 0x000001a549ac909e to 0x000001a549ac9218
Event: 10.814 Thread 0x000001a53e6a91b0 Implicit null exception at 0x000001a5499c9fd8 to 0x000001a5499ca06e
Event: 11.361 Thread 0x000001a53e6a91b0 Implicit null exception at 0x000001a549d81eaf to 0x000001a549d81f64
Event: 11.703 Thread 0x000001a53e6a91b0 Exception <a 'java/lang/NoSuchMethodError'{0x000000008d985078}: 'java.lang.Object java.lang.invoke.DirectMethodHandle$Holder.newInvokeSpecial(java.lang.Object, java.lang.Object, java.lang.Object, java.lang.Object, java.lang.Object, java.lang.Object, java.lang.Object)'> (0x000000008d985078) 
thrown [s\src\hotspot\share\interpreter\linkResolver.cpp, line 771]
Event: 11.703 Thread 0x000001a53e6a91b0 Exception <a 'java/lang/NoSuchMethodError'{0x000000008d98a6d0}: 'java.lang.Object java.lang.invoke.Invokers$Holder.linkToTargetMethod(java.lang.Object, java.lang.Object, java.lang.Object, java.lang.Object, java.lang.Object, java.lang.Object, java.lang.Object)'> (0x000000008d98a6d0) 
thrown [s\src\hotspot\share\interpreter\linkResolver.cpp, line 771]
Event: 12.707 Thread 0x000001a53e6a91b0 Implicit null exception at 0x000001a549cd8a76 to 0x000001a549cd91fc

VM Operations (20 events):
Event: 16.936 Executing VM operation: G1PauseRemark done
Event: 16.982 Executing VM operation: G1PauseCleanup
Event: 16.983 Executing VM operation: G1PauseCleanup done
Event: 17.424 Executing VM operation: ICBufferFull
Event: 17.424 Executing VM operation: ICBufferFull done
Event: 17.638 Executing VM operation: HandshakeAllThreads
Event: 17.638 Executing VM operation: HandshakeAllThreads done
Event: 17.679 Executing VM operation: ICBufferFull
Event: 17.680 Executing VM operation: ICBufferFull done
Event: 18.134 Executing VM operation: ICBufferFull
Event: 18.134 Executing VM operation: ICBufferFull done
Event: 18.499 Executing VM operation: G1CollectForAllocation
Event: 18.510 Executing VM operation: G1CollectForAllocation done
Event: 18.518 Executing VM operation: G1CollectForAllocation
Event: 18.528 Executing VM operation: G1CollectForAllocation done
Event: 18.620 Executing VM operation: HandshakeAllThreads
Event: 18.620 Executing VM operation: HandshakeAllThreads done
Event: 18.738 Executing VM operation: HandshakeAllThreads
Event: 18.738 Executing VM operation: HandshakeAllThreads done
Event: 18.795 Executing VM operation: G1CollectForAllocation

Memory protections (0 events):
No events

Nmethod flushes (20 events):
Event: 18.764 Thread 0x000001a558593ea0 flushing  nmethod 0x000001a543359b90
Event: 18.764 Thread 0x000001a558593ea0 flushing  nmethod 0x000001a543377010
Event: 18.764 Thread 0x000001a558593ea0 flushing  nmethod 0x000001a543381b10
Event: 18.764 Thread 0x000001a558593ea0 flushing  nmethod 0x000001a5433a6290
Event: 18.764 Thread 0x000001a558593ea0 flushing  nmethod 0x000001a5433f4510
Event: 18.765 Thread 0x000001a558593ea0 flushing  nmethod 0x000001a543531d10
Event: 18.765 Thread 0x000001a558593ea0 flushing  nmethod 0x000001a543532790
Event: 18.765 Thread 0x000001a558593ea0 flushing  nmethod 0x000001a543533890
Event: 18.766 Thread 0x000001a558593ea0 flushing  nmethod 0x000001a5435ed090
Event: 18.766 Thread 0x000001a558593ea0 flushing  nmethod 0x000001a54364eb10
Event: 18.766 Thread 0x000001a558593ea0 flushing  nmethod 0x000001a543665690
Event: 18.767 Thread 0x000001a558593ea0 flushing  nmethod 0x000001a543685b10
Event: 18.767 Thread 0x000001a558593ea0 flushing  nmethod 0x000001a5436d1810
Event: 18.767 Thread 0x000001a558593ea0 flushing  nmethod 0x000001a5436eaa10
Event: 18.767 Thread 0x000001a558593ea0 flushing  nmethod 0x000001a543779290
Event: 18.769 Thread 0x000001a558593ea0 flushing  nmethod 0x000001a54396f790
Event: 18.769 Thread 0x000001a558593ea0 flushing  nmethod 0x000001a543975610
Event: 18.769 Thread 0x000001a558593ea0 flushing  nmethod 0x000001a543991c10
Event: 18.769 Thread 0x000001a558593ea0 flushing  nmethod 0x000001a54399e890
Event: 18.770 Thread 0x000001a558593ea0 flushing  nmethod 0x000001a543aad910

Events (20 events):
Event: 0.045 Thread 0x000001a53e6a91b0 Thread added: 0x000001a558583f40
Event: 0.045 Thread 0x000001a53e6a91b0 Thread added: 0x000001a55858b4e0
Event: 0.045 Thread 0x000001a53e6a91b0 Thread added: 0x000001a558591970
Event: 0.045 Thread 0x000001a53e6a91b0 Thread added: 0x000001a558593ea0
Event: 0.075 Thread 0x000001a53e6a91b0 Thread added: 0x000001a55890f9e0
Event: 0.079 Thread 0x000001a53e6a91b0 Thread added: 0x000001a558914980
Event: 0.082 Loaded shared library C:\Users\Samar\.jdks\jbr-17.0.14\bin\net.dll
Event: 0.085 Loaded shared library C:\Users\Samar\.jdks\jbr-17.0.14\bin\nio.dll
Event: 0.116 Loaded shared library C:\Users\Samar\.jdks\jbr-17.0.14\bin\zip.dll
Event: 0.148 Loaded shared library C:\Users\Samar\.jdks\jbr-17.0.14\bin\jimage.dll
Event: 0.722 Thread 0x000001a558591970 Thread added: 0x000001a59e3c3cb0
Event: 2.711 Thread 0x000001a59e3c3cb0 Thread exited: 0x000001a59e3c3cb0
Event: 2.808 Thread 0x000001a558591970 Thread added: 0x000001a59e3c3cb0
Event: 2.846 Thread 0x000001a55858b4e0 Thread added: 0x000001a5a03025f0
Event: 3.819 Thread 0x000001a5a03025f0 Thread exited: 0x000001a5a03025f0
Event: 3.819 Thread 0x000001a59e3c3cb0 Thread exited: 0x000001a59e3c3cb0
Event: 4.178 Thread 0x000001a558591970 Thread added: 0x000001a5a08a19f0
Event: 5.123 Thread 0x000001a5a08a19f0 Thread exited: 0x000001a5a08a19f0
Event: 5.320 Thread 0x000001a558591970 Thread added: 0x000001a59f3b5040
Event: 5.509 Thread 0x000001a558591970 Thread added: 0x000001a59fcffbf0


Dynamic libraries:
0x00007ff720a30000 - 0x00007ff720a3a000 	C:\Users\Samar\.jdks\jbr-17.0.14\bin\java.exe
0x00007ffeacee0000 - 0x00007ffead147000 	C:\WINDOWS\SYSTEM32\ntdll.dll
0x00007ffeac480000 - 0x00007ffeac549000 	C:\WINDOWS\System32\KERNEL32.DLL
0x00007ffeaa510000 - 0x00007ffeaa907000 	C:\WINDOWS\System32\KERNELBASE.dll
0x00007ffeaa9d0000 - 0x00007ffeaab1b000 	C:\WINDOWS\System32\ucrtbase.dll
0x00007ffe92030000 - 0x00007ffe9204b000 	C:\Users\Samar\.jdks\jbr-17.0.14\bin\VCRUNTIME140.dll
0x00007ffe920c0000 - 0x00007ffe920d7000 	C:\Users\Samar\.jdks\jbr-17.0.14\bin\jli.dll
0x00007ffeacac0000 - 0x00007ffeacc86000 	C:\WINDOWS\System32\USER32.dll
0x00007ffe91ce0000 - 0x00007ffe91f72000 	C:\WINDOWS\WinSxS\amd64_microsoft.windows.common-controls_6595b64144ccf1df_6.0.26100.8457_none_3e0b2faee331e92d\COMCTL32.dll
0x00007ffeaa300000 - 0x00007ffeaa327000 	C:\WINDOWS\System32\win32u.dll
0x00007ffeac990000 - 0x00007ffeaca39000 	C:\WINDOWS\System32\msvcrt.dll
0x00007ffeaae00000 - 0x00007ffeaae2b000 	C:\WINDOWS\System32\GDI32.dll
0x00007ffeaa330000 - 0x00007ffeaa45c000 	C:\WINDOWS\System32\gdi32full.dll
0x00007ffeaa460000 - 0x00007ffeaa503000 	C:\WINDOWS\System32\msvcp_win.dll
0x00007ffeaba50000 - 0x00007ffeaba82000 	C:\WINDOWS\System32\IMM32.DLL
0x00007ffe994d0000 - 0x00007ffe994dc000 	C:\Users\Samar\.jdks\jbr-17.0.14\bin\vcruntime140_1.dll
0x00007ffe31670000 - 0x00007ffe316fd000 	C:\Users\Samar\.jdks\jbr-17.0.14\bin\msvcp140.dll
0x00007ffe120e0000 - 0x00007ffe12d6e000 	C:\Users\Samar\.jdks\jbr-17.0.14\bin\server\jvm.dll
0x00007ffeac8d0000 - 0x00007ffeac986000 	C:\WINDOWS\System32\ADVAPI32.dll
0x00007ffeab1d0000 - 0x00007ffeab277000 	C:\WINDOWS\System32\sechost.dll
0x00007ffeac640000 - 0x00007ffeac758000 	C:\WINDOWS\System32\RPCRT4.dll
0x00007ffeab710000 - 0x00007ffeab790000 	C:\WINDOWS\System32\WS2_32.dll
0x00007ffea13d0000 - 0x00007ffea1406000 	C:\WINDOWS\SYSTEM32\WINMM.dll
0x00007ffe99fa0000 - 0x00007ffe99fab000 	C:\WINDOWS\SYSTEM32\VERSION.dll
0x00007ffea9770000 - 0x00007ffea97ce000 	C:\WINDOWS\SYSTEM32\POWRPROF.dll
0x00007ffea9750000 - 0x00007ffea9764000 	C:\WINDOWS\SYSTEM32\UMPDC.dll
0x00007ffea86a0000 - 0x00007ffea86bb000 	C:\WINDOWS\SYSTEM32\kernel.appcore.dll
0x00007ffe98160000 - 0x00007ffe9816a000 	C:\Users\Samar\.jdks\jbr-17.0.14\bin\jimage.dll
0x00007ffea74d0000 - 0x00007ffea7712000 	C:\WINDOWS\SYSTEM32\DBGHELP.DLL
0x00007ffeaae40000 - 0x00007ffeab1c3000 	C:\WINDOWS\System32\combase.dll
0x00007ffeabbf0000 - 0x00007ffeabcc9000 	C:\WINDOWS\System32\OLEAUT32.dll
0x00007ffe8f130000 - 0x00007ffe8f16b000 	C:\WINDOWS\SYSTEM32\dbgcore.DLL
0x00007ffeaabb0000 - 0x00007ffeaac58000 	C:\WINDOWS\System32\bcryptPrimitives.dll
0x00007ffe7acc0000 - 0x00007ffe7ace5000 	C:\Users\Samar\.jdks\jbr-17.0.14\bin\java.dll
0x00007ffe12000000 - 0x00007ffe120d7000 	C:\Users\Samar\.jdks\jbr-17.0.14\bin\jsvml.dll
0x00007ffeabcd0000 - 0x00007ffeac43e000 	C:\WINDOWS\System32\SHELL32.dll
0x00007ffea9910000 - 0x00007ffeaa17c000 	C:\WINDOWS\System32\windows.storage.dll
0x00007ffeab900000 - 0x00007ffeab9f6000 	C:\WINDOWS\System32\SHCORE.dll
0x00007ffeac550000 - 0x00007ffeac5b6000 	C:\WINDOWS\System32\shlwapi.dll
0x00007ffea9830000 - 0x00007ffea9859000 	C:\WINDOWS\SYSTEM32\profapi.dll
0x00007ffe8ca70000 - 0x00007ffe8ca89000 	C:\Users\Samar\.jdks\jbr-17.0.14\bin\net.dll
0x00007ffe9ca00000 - 0x00007ffe9cb29000 	C:\WINDOWS\SYSTEM32\WINHTTP.dll
0x00007ffea8c10000 - 0x00007ffea8c7c000 	C:\WINDOWS\system32\mswsock.dll
0x00007ffe80140000 - 0x00007ffe80156000 	C:\Users\Samar\.jdks\jbr-17.0.14\bin\nio.dll
0x00007ffe8cac0000 - 0x00007ffe8cad8000 	C:\Users\Samar\.jdks\jbr-17.0.14\bin\zip.dll
0x00007ffe97ae0000 - 0x00007ffe97af0000 	C:\Users\Samar\.jdks\jbr-17.0.14\bin\verify.dll

dbghelp: loaded successfully - version: 4.0.5 - missing functions: none
symbol engine: initialized successfully - sym options: 0x614 - pdb path: .;C:\Users\Samar\.jdks\jbr-17.0.14\bin;C:\WINDOWS\SYSTEM32;C:\WINDOWS\WinSxS\amd64_microsoft.windows.common-controls_6595b64144ccf1df_6.0.26100.8457_none_3e0b2faee331e92d;C:\Users\Samar\.jdks\jbr-17.0.14\bin\server

VM Arguments:
java_command: org.jetbrains.kotlin.cli.jvm.K2JVMCompiler @C:\Users\Samar\Downloads\UberBookingClone-develop\UberBookingClone-develop\app\build\20260609_17203902429828334357.compiler.options
java_class_path (initial): C:\Users\Samar\.gradle\caches\modules-2\files-2.1\org.jetbrains.kotlin\kotlin-compiler-embeddable\1.7.10\909803167c98606fcf22b4c848647c68e351d48d\kotlin-compiler-embeddable-1.7.10.jar;C:\Users\Samar\.gradle\caches\modules-2\files-2.1\org.jetbrains.kotlin\kotlin-reflect\1.7.10\165e600dfea6185cf5efa700756294cc4904dbeb\kotlin-reflect-1.7.10.jar;C:\Users\Samar\.gradle\caches\modules-2\files-2.1\org.jetbrains.kotlin\kotlin-stdlib\1.7.10\d2abf9e77736acc4450dc4a3f707fa2c10f5099d\kotlin-stdlib-1.7.10.jar;C:\Users\Samar\.gradle\caches\modules-2\files-2.1\org.jetbrains.kotlin\kotlin-script-runtime\1.7.10\c99c87a6988d8fd8d5142e9ed5c9f34a7cf561ee\kotlin-script-runtime-1.7.10.jar;C:\Users\Samar\.gradle\caches\modules-2\files-2.1\org.jetbrains.kotlin\kotlin-daemon-embeddable\1.7.10\3a9f7aef7080d3ae63126cbba4f827ed664f32fa\kotlin-daemon-embeddable-1.7.10.jar;C:\Users\Samar\.gradle\caches\modules-2\files-2.1\org.jetbrains.intellij.deps\trove4j\1.0.20200330\3afb14d5f9ceb459d724e907a21145e8ff394f02\trove4j-1.0.20200330.jar;C:\Users\Samar\.gradle\caches\modules-2\files-2.1\net.java.dev.jna\jna\5.6.0\330f2244e9030119ab3030fc3fededc86713d9cc\jna-5.6.0.jar;C:\Users\Samar\.gradle\caches\modules-2\files-2.1\org.jetbrains.kotlin\kotlin-stdlib-common\1.7.10\bac80c520d0a9e3f3673bc2658c6ed02ef45a76a\kotlin-stdlib-common-1.7.10.jar;C:\Users\Samar\.gradle\caches\modules-2\files-2.1\org.jetbrains\annotations\13.0\919f0dfe192fb4e063e7dacadee7f8bb9a2672a9\annotations-13.0.jar
Launcher Type: SUN_STANDARD

[Global flags]
     intx CICompilerCount                          = 4                                         {product} {ergonomic}
     uint ConcGCThreads                            = 2                                         {product} {ergonomic}
     uint G1ConcRefinementThreads                  = 8                                         {product} {ergonomic}
   size_t G1HeapRegionSize                         = 1048576                                   {product} {ergonomic}
    uintx GCDrainStackTargetSize                   = 64                                        {product} {ergonomic}
   size_t InitialHeapSize                          = 130023424                                 {product} {ergonomic}
   size_t MarkStackSize                            = 4194304                                   {product} {ergonomic}
   size_t MaxHeapSize                              = 2076180480                                {product} {ergonomic}
   size_t MaxNewSize                               = 1245708288                                {product} {ergonomic}
   size_t MinHeapDeltaBytes                        = 1048576                                   {product} {ergonomic}
   size_t MinHeapSize                              = 8388608                                   {product} {ergonomic}
    uintx NonNMethodCodeHeapSize                   = 5839372                                {pd product} {ergonomic}
    uintx NonProfiledCodeHeapSize                  = 122909434                              {pd product} {ergonomic}
    uintx ProfiledCodeHeapSize                     = 122909434                              {pd product} {ergonomic}
    uintx ReservedCodeCacheSize                    = 251658240                              {pd product} {ergonomic}
     bool SegmentedCodeCache                       = true                                      {product} {ergonomic}
   size_t SoftMaxHeapSize                          = 2076180480                             {manageable} {ergonomic}
     bool UseCompressedClassPointers               = true                           {product lp64_product} {ergonomic}
     bool UseCompressedOops                        = true                           {product lp64_product} {ergonomic}
     bool UseG1GC                                  = true                                      {product} {ergonomic}
     bool UseLargePagesIndividualAllocation        = false                                  {pd product} {ergonomic}

Logging:
Log output configuration:
 #0: stdout all=warning uptime,level,tags
 #1: stderr all=off uptime,level,tags

Environment Variables:
PATH=C:\app\Samar\product\21c\dbhomeXE\bin;C:\Program Files\Common Files\Oracle\Java\javapath;C:\Windows\system32;C:\Windows;C:\Windows\System32\Wbem;C:\Windows\System32\WindowsPowerShell\v1.0\;C:\Windows\System32\OpenSSH\;C:\Program Files\NVIDIA Corporation\NVIDIA NvDLISR;C:\Program Files\Microsoft SQL Server\Client SDK\ODBC\170\Tools\Binn\;C:\Program Files (x86)\Microsoft SQL Server\150\Tools\Binn\;C:\Program Files\Microsoft SQL Server\150\Tools\Binn\;C:\Program Files\Microsoft SQL Server\150\DTS\Binn\;C:\Program Files\Azure Data Studio\bin;C:\WINDOWS\system32;C:\WINDOWS;C:\WINDOWS\System32\Wbem;C:\WINDOWS\System32\WindowsPowerShell\v1.0\;C:\WINDOWS\System32\OpenSSH\;C:\Program Files\dotnet\;C:\Program Files (x86)\NVIDIA Corporation\PhysX\Common;C:\WINDOWS\system32;C:\WINDOWS;C:\WINDOWS\System32\Wbem;C:\WINDOWS\System32\WindowsPowerShell\v1.0\;C:\WINDOWS\System32\OpenSSH\;C:\Program Files\Git\cmd;C:\Users\Samar\AppData\Local\Programs\Python\Python313\Scripts\;C:\Users\Samar\AppData\Local\Programs\Python\Python313\;C:\Users\Samar\AppData\Local\Programs\Python\Launcher\;C:\Program Files\MySQL\MySQL Shell 8.0\bin\;C:\Users\Samar\AppData\Local\Microsoft\WindowsApps;C:\Program Files\Azure Data Studio\bin;C:\Users\Samar\AppData\Local\Programs\Microsoft VS Code\bin
USERNAME=Samar
OS=Windows_NT
PROCESSOR_IDENTIFIER=Intel64 Family 6 Model 140 Stepping 1, GenuineIntel
TMP=C:\Users\Samar\AppData\Local\Temp
TEMP=C:\Users\Samar\AppData\Local\Temp



Periodic native trim disabled

JNI global refs:
JNI global refs: 11, weak refs: 1

JNI global refs memory usage: 843, weak refs: 841

Process memory usage:
Resident Set Size: 428980K (5% of 8104744K total physical memory with 1070932K free physical memory)

OOME stack traces (most recent first):
Classloader memory used:
Loader jdk.internal.loader.ClassLoaders$AppClassLoader                                 : 6275K
Loader bootstrap                                                                       : 548K
Loader java.net.URLClassLoader                                                         : 64131B
Loader jdk.internal.loader.ClassLoaders$PlatformClassLoader                            : 34464B
Loader jdk.internal.reflect.DelegatingClassLoader                                      : 22927B


---------------  S Y S T E M  ---------------

OS:
 Windows 11 , 64 bit Build 26100 (10.0.26100.8328)
OS uptime: 0 days 3:37 hours
Hyper-V role detected

CPU: total 8 (initial active 8) (4 cores per cpu, 2 threads per core) family 6 model 140 stepping 1 microcode 0xbe, cx8, cmov, fxsr, ht, mmx, 3dnowpref, sse, sse2, sse3, ssse3, sse4.1, sse4.2, popcnt, lzcnt, tsc, tscinvbit, avx, avx2, aes, erms, clmul, bmi1, bmi2, adx, avx512f, avx512dq, avx512cd, avx512bw, avx512vl, sha, fma, vzeroupper, avx512_vpopcntdq, avx512_vpclmulqdq, avx512_vaes, avx512_vnni, clflush, clflushopt, clwb, avx512_vbmi2, avx512_vbmi, hv
Processor Information for all 8 processors :
  Max Mhz: 2419, Current Mhz: 2419, Mhz Limit: 2419

Memory: 4k page, system-wide physical 7914M (1045M free)
TotalPageFile size 20419M (AvailPageFile size 76M)
current process WorkingSet (physical memory assigned to process): 419M, peak: 419M
current process commit charge ("private bytes"): 455M, peak: 649M

vm_info: OpenJDK 64-Bit Server VM (17.0.14+1-b1367.22) for windows-amd64 JRE (17.0.14+1-b1367.22), built on 2025-01-30 by "builduser" with MS VC++ 16.10 / 16.11 (VS2019)

END.
